<?xml version="1.0" encoding="UTF-8" ?>
<testsuite errors="0" failures="0" hostname="MacBook-Pro-de-Aitor.local" name="hexagonalgrails.AuthorTests" tests="1" time="0.401" timestamp="2012-08-02T21:30:16">
  <properties />
  <testcase classname="hexagonalgrails.AuthorTests" name="testSomething" time="0.188" />
  <system-out><![CDATA[--Output from testSomething--
]]></system-out>
  <system-err><![CDATA[--Output from testSomething--
]]></system-err>
</testsuite>
