<?xml version="1.0" encoding="UTF-8" ?>
<testsuite errors="0" failures="0" hostname="MacBook-Pro-de-Aitor.local" name="hexagonalgrails.BookControllerTests" tests="8" time="1.078" timestamp="2012-08-02T20:17:58">
  <properties />
  <testcase classname="hexagonalgrails.BookControllerTests" name="testIndex" time="0.366" />
  <testcase classname="hexagonalgrails.BookControllerTests" name="testList" time="0.075" />
  <testcase classname="hexagonalgrails.BookControllerTests" name="testCreate" time="0.072" />
  <testcase classname="hexagonalgrails.BookControllerTests" name="testSave" time="0.104" />
  <testcase classname="hexagonalgrails.BookControllerTests" name="testShow" time="0.082" />
  <testcase classname="hexagonalgrails.BookControllerTests" name="testEdit" time="0.081" />
  <testcase classname="hexagonalgrails.BookControllerTests" name="testUpdate" time="0.099" />
  <testcase classname="hexagonalgrails.BookControllerTests" name="testDelete" time="0.1" />
  <system-out><![CDATA[--Output from testIndex--
--Output from testList--
--Output from testCreate--
--Output from testSave--
-- [:]
-- [title:someValidName, author:hexagonalgrails.Author : null]
--Output from testShow--
--Output from testEdit--
--Output from testUpdate--
--Output from testDelete--
]]></system-out>
  <system-err><![CDATA[--Output from testIndex--
--Output from testList--
--Output from testCreate--
--Output from testSave--
--Output from testShow--
--Output from testEdit--
--Output from testUpdate--
--Output from testDelete--
]]></system-err>
</testsuite>
